#
# A fatal error has been detected by the Java Runtime Environment:
#
#  SIGSEGV (0xb) at pc=0x000000010ff340c4, pid=871, tid=16643
#
# JRE version: Java(TM) SE Runtime Environment (7.0_79-b15) (build 1.7.0_79-b15)
# Java VM: Java HotSpot(TM) 64-Bit Server VM (24.79-b02 mixed mode bsd-amd64 compressed oops)
# Problematic frame:
# V  [libjvm.dylib+0x1820c4]
#
# Failed to write core dump. Core dumps have been disabled. To enable core dumping, try "ulimit -c unlimited" before starting Java again
#
# If you would like to submit a bug report, please visit:
#   http://bugreport.java.com/bugreport/crash.jsp
#

---------------  T H R E A D  ---------------

Current thread (0x00007fe1ed82d000):  JavaThread "C2 CompilerThread0" daemon [_thread_in_native, id=16643, stack(0x0000700000ab8000,0x0000700000bb8000)]

siginfo:si_signo=SIGSEGV: si_errno=0, si_code=1 (SEGV_MAPERR), si_addr=0x00007be1ec27c6d8

Registers:
RAX=0x00000000000007ff, RBX=0x00000000000007fa, RCX=0x00007fe1ec1dc870, RDX=0x00007be1ec27c6d0
RSP=0x0000700000bb4940, RBP=0x0000700000bb4940, RSI=0x000000000000001c, RDI=0x00007be1ec27c6d0
R8 =0x0000000000000000, R9 =0x0000000000000000, R10=0x0000000000000000, R11=0x0000000000697438
R12=0x00007fe1ebf0a930, R13=0x00007fe1ec1dc480, R14=0x00000000000007f7, R15=0x00007be1ec27c6d0
RIP=0x000000010ff340c4, EFLAGS=0x0000000000010202, ERR=0x0000000000000004
  TRAPNO=0x000000000000000e

Top of Stack: (sp=0x0000700000bb4940)
0x0000700000bb4940:   0000700000bb4980 000000010ffa0a59
0x0000700000bb4950:   000007fd00000004 0000700000bb70b8
0x0000700000bb4960:   0000000110567cc0 0000000000000564
0x0000700000bb4970:   00000000000007f7 00000000000007fa
0x0000700000bb4980:   0000700000bb4a60 00000001101dcaa5
0x0000700000bb4990:   0000000100000000 00000000000007f7
0x0000700000bb49a0:   00000000000007fa 0000000000000000
0x0000700000bb49b0:   00007fe1ed0ee850 00007fe1ed95dd70
0x0000700000bb49c0:   0000000000000002 0000000200000758
0x0000700000bb49d0:   00007be1ec27c6d0 00007fe1ed0eec20
0x0000700000bb49e0:   00007fe1ed0eebe0 00007fe1ed0eeba0
0x0000700000bb49f0:   00000000edb6f510 0000000000000564
0x0000700000bb4a00:   0000000100bb4a20 00007fe1ed95dd70
0x0000700000bb4a10:   00007fe1edb6f510 0000700000bb70b8
0x0000700000bb4a20:   00007fe1ed0ee9f0 0000700000bb78b8
0x0000700000bb4a30:   00000001112f1160 0000000000000753
0x0000700000bb4a40:   0000000110567cc0 0000000000000564
0x0000700000bb4a50:   00007fe1edb6f510 000000000000005e
0x0000700000bb4a60:   0000700000bb4bd0 00000001101ddaf5
0x0000700000bb4a70:   00000000000f5340 0000008600000007
0x0000700000bb4a80:   0000000000000087 000000000000005f
0x0000700000bb4a90:   0000700000bb78b8 00007fe1ed33a730
0x0000700000bb4aa0:   00007fe1ed33a510 0000074d0000074d
0x0000700000bb4ab0:   000000000000000d 0000700000bb7228
0x0000700000bb4ac0:   00007fe1ec2dbc10 000000000000005e
0x0000700000bb4ad0:   0000001effffffff 0000000000000001
0x0000700000bb4ae0:   0000000900000748 00007fe1ed2a06e0
0x0000700000bb4af0:   ffffffff00000690 0100000000000001
0x0000700000bb4b00:   0000000000000000 0000700000bb7860
0x0000700000bb4b10:   00000004ec2de270 0000700000bb70b8
0x0000700000bb4b20:   00007fe1ed2a06d0 00007fe1ed33a950
0x0000700000bb4b30:   0000700000bb70b8 0000000000000000 

Instructions: (pc=0x000000010ff340c4)
0x000000010ff340a4:   48 39 f7 0f 94 c0 0f b6 c0 5d c3 90 55 48 89 e5
0x000000010ff340b4:   8b 47 18 c1 e8 02 6b c0 1f 5d c3 90 55 48 89 e5
0x000000010ff340c4:   48 8b 47 08 5d c3 55 48 89 e5 48 8d 05 73 46 5e
0x000000010ff340d4:   00 48 83 38 00 7f 0f 48 83 7f 08 00 74 08 8b 47 

Register to memory mapping:

RAX=0x00000000000007ff is an unknown value
RBX=0x00000000000007fa is an unknown value
RCX=0x00007fe1ec1dc870 is an unknown value
RDX=0x00007be1ec27c6d0 is an unknown value
RSP=0x0000700000bb4940 is pointing into the stack for thread: 0x00007fe1ed82d000
RBP=0x0000700000bb4940 is pointing into the stack for thread: 0x00007fe1ed82d000
RSI=0x000000000000001c is an unknown value
RDI=0x00007be1ec27c6d0 is an unknown value
R8 =0x0000000000000000 is an unknown value
R9 =0x0000000000000000 is an unknown value
R10=0x0000000000000000 is an unknown value
R11=0x0000000000697438 is an unknown value
R12=0x00007fe1ebf0a930 is an unknown value
R13=0x00007fe1ec1dc480 is an unknown value
R14=0x00000000000007f7 is an unknown value
R15=0x00007be1ec27c6d0 is an unknown value


Stack: [0x0000700000ab8000,0x0000700000bb8000],  sp=0x0000700000bb4940,  free space=1010k
Native frames: (J=compiled Java code, j=interpreted, Vv=VM code, C=native code)
V  [libjvm.dylib+0x1820c4]
V  [libjvm.dylib+0x1eea59]
V  [libjvm.dylib+0x42aaa5]
V  [libjvm.dylib+0x42baf5]
V  [libjvm.dylib+0x1b9e0a]
V  [libjvm.dylib+0x1bd4bc]
V  [libjvm.dylib+0x166b07]
V  [libjvm.dylib+0x1c0618]
V  [libjvm.dylib+0x1c235a]
V  [libjvm.dylib+0x4f759d]
V  [libjvm.dylib+0x4f8ca5]
V  [libjvm.dylib+0x421c4e]
C  [libsystem_pthread.dylib+0x399d]  _pthread_body+0x83
C  [libsystem_pthread.dylib+0x391a]  _pthread_body+0x0
C  [libsystem_pthread.dylib+0x1351]  thread_start+0xd


Current CompileTask:
C2:   9532  213             com.android.dx.ssa.DeadCodeRemover::pruneDeadInstructions (246 bytes)


---------------  P R O C E S S  ---------------

Java Threads: ( => current thread )
  0x00007fe1ec819000 JavaThread "Service Thread" daemon [_thread_blocked, id=17667, stack(0x0000700000cbe000,0x0000700000dbe000)]
  0x00007fe1ed024800 JavaThread "C2 CompilerThread1" daemon [_thread_in_native, id=17155, stack(0x0000700000bbb000,0x0000700000cbb000)]
=>0x00007fe1ed82d000 JavaThread "C2 CompilerThread0" daemon [_thread_in_native, id=16643, stack(0x0000700000ab8000,0x0000700000bb8000)]
  0x00007fe1ec814000 JavaThread "Signal Dispatcher" daemon [_thread_blocked, id=13327, stack(0x00007000009b5000,0x0000700000ab5000)]
  0x00007fe1ed81e800 JavaThread "Finalizer" daemon [_thread_blocked, id=12291, stack(0x000070000082f000,0x000070000092f000)]
  0x00007fe1ed81e000 JavaThread "Reference Handler" daemon [_thread_blocked, id=11779, stack(0x000070000072c000,0x000070000082c000)]
  0x00007fe1ed002000 JavaThread "main" [_thread_in_Java, id=5891, stack(0x000070000011a000,0x000070000021a000)]

Other Threads:
  0x00007fe1ed014000 VMThread [stack: 0x0000700000629000,0x0000700000729000] [id=11267]
  0x00007fe1ed019000 WatcherThread [stack: 0x0000700000dc1000,0x0000700000ec1000] [id=18179]

VM state:not at safepoint (normal execution)

VM Mutex/Monitor currently owned by a thread: None

Heap
 PSYoungGen      total 38912K, used 25883K [0x00000007eaa80000, 0x00000007ed580000, 0x0000000800000000)
  eden space 33792K, 61% used [0x00000007eaa80000,0x00000007ebec9190,0x00000007ecb80000)
  from space 5120K, 99% used [0x00000007ed080000,0x00000007ed57dc88,0x00000007ed580000)
  to   space 5120K, 0% used [0x00000007ecb80000,0x00000007ecb80000,0x00000007ed080000)
 ParOldGen       total 87040K, used 5910K [0x00000007c0000000, 0x00000007c5500000, 0x00000007eaa80000)
  object space 87040K, 6% used [0x00000007c0000000,0x00000007c05c5aa0,0x00000007c5500000)
 PSPermGen       total 21504K, used 5898K [0x00000007bae00000, 0x00000007bc300000, 0x00000007c0000000)
  object space 21504K, 27% used [0x00000007bae00000,0x00000007bb3c29d8,0x00000007bc300000)

Card table byte_map: [0x0000000114200000,0x000000011442a000] byte_map_base: 0x0000000110429000

Polling page: 0x0000000110856000

Code Cache  [0x0000000111200000, 0x0000000111470000, 0x0000000114200000)
 total_blobs=452 nmethods=221 adapters=183 free_code_cache=48166Kb largest_free_block=49292672

Compilation events (10 events):
Event: 9.523 Thread 0x00007fe1ed024800 nmethod 216 0x00000001112db8d0 code [0x00000001112dba20, 0x00000001112dbb18]
Event: 9.523 Thread 0x00007fe1ed024800  217             com.android.dx.rop.code.RegisterSpec::getNextReg (10 bytes)
Event: 9.524 Thread 0x00007fe1ed024800 nmethod 217 0x00000001112ee150 code [0x00000001112ee2a0, 0x00000001112ee358]
Event: 9.524 Thread 0x00007fe1ed024800  218             java.util.ArrayList$SubList::checkForComodification (23 bytes)
Event: 9.524 Thread 0x00007fe1ed024800 nmethod 218 0x00000001112bf490 code [0x00000001112bf5e0, 0x00000001112bf678]
Event: 9.524 Thread 0x00007fe1ed024800  219             com.android.dx.util.BitIntSet::<init> (13 bytes)
Event: 9.526 Thread 0x00007fe1ed024800 nmethod 219 0x00000001112df550 code [0x00000001112df6a0, 0x00000001112df7b8]
Event: 9.526 Thread 0x00007fe1ed024800  220             com.android.dx.ssa.SsaRenamer::access$000 (5 bytes)
Event: 9.526 Thread 0x00007fe1ed024800 nmethod 220 0x00000001112ede90 code [0x00000001112edfc0, 0x00000001112ee018]
Event: 9.526 Thread 0x00007fe1ed024800  221             com.android.dx.ssa.SCCP::run (298 bytes)

GC Heap History (4 events):
Event: 3.404 GC heap before
{Heap before GC invocations=1 (full 0):
 PSYoungGen      total 38912K, used 33792K [0x00000007eaa80000, 0x00000007ed580000, 0x0000000800000000)
  eden space 33792K, 100% used [0x00000007eaa80000,0x00000007ecb80000,0x00000007ecb80000)
  from space 5120K, 0% used [0x00000007ed080000,0x00000007ed080000,0x00000007ed580000)
  to   space 5120K, 0% used [0x00000007ecb80000,0x00000007ecb80000,0x00000007ed080000)
 ParOldGen       total 87040K, used 0K [0x00000007c0000000, 0x00000007c5500000, 0x00000007eaa80000)
  object space 87040K, 0% used [0x00000007c0000000,0x00000007c0000000,0x00000007c5500000)
 PSPermGen       total 21504K, used 5774K [0x00000007bae00000, 0x00000007bc300000, 0x00000007c0000000)
  object space 21504K, 26% used [0x00000007bae00000,0x00000007bb3a3860,0x00000007bc300000)
Event: 3.414 GC heap after
Heap after GC invocations=1 (full 0):
 PSYoungGen      total 38912K, used 5114K [0x00000007eaa80000, 0x00000007ed580000, 0x0000000800000000)
  eden space 33792K, 0% used [0x00000007eaa80000,0x00000007eaa80000,0x00000007ecb80000)
  from space 5120K, 99% used [0x00000007ecb80000,0x00000007ed07eaa8,0x00000007ed080000)
  to   space 5120K, 0% used [0x00000007ed080000,0x00000007ed080000,0x00000007ed580000)
 ParOldGen       total 87040K, used 1406K [0x00000007c0000000, 0x00000007c5500000, 0x00000007eaa80000)
  object space 87040K, 1% used [0x00000007c0000000,0x00000007c015fbb0,0x00000007c5500000)
 PSPermGen       total 21504K, used 5774K [0x00000007bae00000, 0x00000007bc300000, 0x00000007c0000000)
  object space 21504K, 26% used [0x00000007bae00000,0x00000007bb3a3860,0x00000007bc300000)
}
Event: 7.313 GC heap before
{Heap before GC invocations=2 (full 0):
 PSYoungGen      total 38912K, used 38906K [0x00000007eaa80000, 0x00000007ed580000, 0x0000000800000000)
  eden space 33792K, 100% used [0x00000007eaa80000,0x00000007ecb80000,0x00000007ecb80000)
  from space 5120K, 99% used [0x00000007ecb80000,0x00000007ed07eaa8,0x00000007ed080000)
  to   space 5120K, 0% used [0x00000007ed080000,0x00000007ed080000,0x00000007ed580000)
 ParOldGen       total 87040K, used 1406K [0x00000007c0000000, 0x00000007c5500000, 0x00000007eaa80000)
  object space 87040K, 1% used [0x00000007c0000000,0x00000007c015fbb0,0x00000007c5500000)
 PSPermGen       total 21504K, used 5841K [0x00000007bae00000, 0x00000007bc300000, 0x00000007c0000000)
  object space 21504K, 27% used [0x00000007bae00000,0x00000007bb3b4508,0x00000007bc300000)
Event: 7.329 GC heap after
Heap after GC invocations=2 (full 0):
 PSYoungGen      total 38912K, used 5111K [0x00000007eaa80000, 0x00000007ed580000, 0x0000000800000000)
  eden space 33792K, 0% used [0x00000007eaa80000,0x00000007eaa80000,0x00000007ecb80000)
  from space 5120K, 99% used [0x00000007ed080000,0x00000007ed57dc88,0x00000007ed580000)
  to   space 5120K, 0% used [0x00000007ecb80000,0x00000007ecb80000,0x00000007ed080000)
 ParOldGen       total 87040K, used 5910K [0x00000007c0000000, 0x00000007c5500000, 0x00000007eaa80000)
  object space 87040K, 6% used [0x00000007c0000000,0x00000007c05c5aa0,0x00000007c5500000)
 PSPermGen       total 21504K, used 5841K [0x00000007bae00000, 0x00000007bc300000, 0x00000007c0000000)
  object space 21504K, 27% used [0x00000007bae00000,0x00000007bb3b4508,0x00000007bc300000)
}

Deoptimization events (6 events):
Event: 1.686 Thread 0x00007fe1ed83f000 Uncommon trap: reason=class_check action=maybe_recompile pc=0x000000011127bd64 method=com.android.dx.ssa.NormalSsaInsn.accept(Lcom/android/dx/ssa/SsaInsn$Visitor;)V @ 9
Event: 1.741 Thread 0x00007fe1ed83f000 Uncommon trap: reason=class_check action=maybe_recompile pc=0x000000011127bd64 method=com.android.dx.ssa.NormalSsaInsn.accept(Lcom/android/dx/ssa/SsaInsn$Visitor;)V @ 9
Event: 1.752 Thread 0x00007fe1ed83f000 Uncommon trap: reason=class_check action=maybe_recompile pc=0x000000011127bd64 method=com.android.dx.ssa.NormalSsaInsn.accept(Lcom/android/dx/ssa/SsaInsn$Visitor;)V @ 9
Event: 1.828 Thread 0x00007fe1ed83f000 Uncommon trap: reason=null_check action=make_not_entrant pc=0x00000001112886a0 method=com.android.dx.rop.code.LocalItem.equals(Ljava/lang/Object;)Z @ 1
Event: 1.831 Thread 0x00007fe1ed83f000 Uncommon trap: reason=class_check action=maybe_recompile pc=0x000000011127bd64 method=com.android.dx.ssa.NormalSsaInsn.accept(Lcom/android/dx/ssa/SsaInsn$Visitor;)V @ 9
Event: 7.867 Thread 0x00007fe1ed83f800 Uncommon trap: reason=unreached action=reinterpret pc=0x00000001112afb58 method=com.android.dx.rop.cst.Constant.compareTo(Lcom/android/dx/rop/cst/Constant;)I @ 12

Internal exceptions (10 events):
Event: 1.385 Thread 0x00007fe1ed002000 Threw 0x00000007eb79de88 at /HUDSON/workspace/7u-2-build-macosx-x86_64/jdk7u79/2331/hotspot/src/share/vm/prims/jvm.cpp:1304
Event: 1.401 Thread 0x00007fe1ed83f800 Threw 0x00000007eb820490 at /HUDSON/workspace/7u-2-build-macosx-x86_64/jdk7u79/2331/hotspot/src/share/vm/prims/jvm.cpp:1304
Event: 1.828 Thread 0x00007fe1ed83f000 Implicit null exception at 0x00000001112882f4 to 0x0000000111288685
Event: 2.467 Thread 0x00007fe1ed002000 Threw 0x00000007ec006428 at /HUDSON/workspace/7u-2-build-macosx-x86_64/jdk7u79/2331/hotspot/src/share/vm/prims/jvm.cpp:1304
Event: 3.323 Thread 0x00007fe1ed83f800 Threw 0x00000007ec9e69e8 at /HUDSON/workspace/7u-2-build-macosx-x86_64/jdk7u79/2331/hotspot/src/share/vm/prims/jvm.cpp:1304
Event: 3.621 Thread 0x00007fe1ed002000 Threw 0x00000007eae2d6a0 at /HUDSON/workspace/7u-2-build-macosx-x86_64/jdk7u79/2331/hotspot/src/share/vm/prims/jvm.cpp:1304
Event: 8.453 Thread 0x00007fe1ed002000 Threw 0x00000007eb55a178 at /HUDSON/workspace/7u-2-build-macosx-x86_64/jdk7u79/2331/hotspot/src/share/vm/prims/jvm.cpp:1304
Event: 8.502 Thread 0x00007fe1ed002000 Threw 0x00000007eb564120 at /HUDSON/workspace/7u-2-build-macosx-x86_64/jdk7u79/2331/hotspot/src/share/vm/prims/jvm.cpp:1304
Event: 8.502 Thread 0x00007fe1ed002000 Threw 0x00000007eb566560 at /HUDSON/workspace/7u-2-build-macosx-x86_64/jdk7u79/2331/hotspot/src/share/vm/prims/jvm.cpp:1304
Event: 9.483 Thread 0x00007fe1ed002000 Threw 0x00000007ebd89a68 at /HUDSON/workspace/7u-2-build-macosx-x86_64/jdk7u79/2331/hotspot/src/share/vm/prims/jvm.cpp:1304

Events (10 events):
Event: 9.476 loading class 0x00007fe1ed838360
Event: 9.476 loading class 0x00007fe1ec16eab0
Event: 9.476 loading class 0x00007fe1ed838750
Event: 9.476 loading class 0x00007fe1ed838750 done
Event: 9.476 loading class 0x00007fe1ec16eab0 done
Event: 9.476 loading class 0x00007fe1ed838360 done
Event: 9.477 loading class 0x00007fe1ed838450
Event: 9.477 loading class 0x00007fe1ed838450 done
Event: 9.483 loading class 0x00007fe1ebd2d160
Event: 9.483 loading class 0x00007fe1ebd2d160 done


Dynamic libraries:
0x0000000002246000 	/System/Library/Frameworks/Cocoa.framework/Versions/A/Cocoa
0x0000000002246000 	/System/Library/Frameworks/Security.framework/Versions/A/Security
0x0000000002246000 	/System/Library/Frameworks/ApplicationServices.framework/Versions/A/ApplicationServices
0x0000000002246000 	/usr/lib/libz.1.dylib
0x0000000002246000 	/usr/lib/libSystem.B.dylib
0x0000000002246000 	/usr/lib/libobjc.A.dylib
0x0000000002246000 	/System/Library/Frameworks/CoreFoundation.framework/Versions/A/CoreFoundation
0x0000000002246000 	/System/Library/Frameworks/Foundation.framework/Versions/C/Foundation
0x0000000002246000 	/System/Library/Frameworks/AppKit.framework/Versions/C/AppKit
0x0000000002246000 	/System/Library/Frameworks/CoreData.framework/Versions/A/CoreData
0x0000000002246000 	/System/Library/PrivateFrameworks/RemoteViewServices.framework/Versions/A/RemoteViewServices
0x0000000002246000 	/System/Library/PrivateFrameworks/UIFoundation.framework/Versions/A/UIFoundation
0x0000000002246000 	/usr/lib/libScreenReader.dylib
0x0000000002246000 	/System/Library/Frameworks/Accelerate.framework/Versions/A/Accelerate
0x0000000002246000 	/System/Library/Frameworks/IOSurface.framework/Versions/A/IOSurface
0x0000000002246000 	/System/Library/Frameworks/AudioToolbox.framework/Versions/A/AudioToolbox
0x0000000002246000 	/System/Library/Frameworks/AudioUnit.framework/Versions/A/AudioUnit
0x0000000002246000 	/System/Library/PrivateFrameworks/DataDetectorsCore.framework/Versions/A/DataDetectorsCore
0x0000000002246000 	/System/Library/PrivateFrameworks/DesktopServicesPriv.framework/Versions/A/DesktopServicesPriv
0x0000000002246000 	/System/Library/Frameworks/Carbon.framework/Versions/A/Frameworks/HIToolbox.framework/Versions/A/HIToolbox
0x0000000002246000 	/System/Library/Frameworks/QuartzCore.framework/Versions/A/QuartzCore
0x0000000002246000 	/System/Library/Frameworks/Carbon.framework/Versions/A/Frameworks/SpeechRecognition.framework/Versions/A/SpeechRecognition
0x0000000002246000 	/usr/lib/libauto.dylib
0x0000000002246000 	/usr/lib/libicucore.A.dylib
0x0000000002246000 	/usr/lib/libxml2.2.dylib
0x0000000002246000 	/System/Library/PrivateFrameworks/CoreUI.framework/Versions/A/CoreUI
0x0000000002246000 	/System/Library/Frameworks/CoreAudio.framework/Versions/A/CoreAudio
0x0000000002246000 	/System/Library/Frameworks/DiskArbitration.framework/Versions/A/DiskArbitration
0x0000000002246000 	/usr/lib/liblangid.dylib
0x0000000002246000 	/System/Library/PrivateFrameworks/MultitouchSupport.framework/Versions/A/MultitouchSupport
0x0000000002246000 	/System/Library/Frameworks/IOKit.framework/Versions/A/IOKit
0x0000000002246000 	/usr/lib/libDiagnosticMessagesClient.dylib
0x0000000002246000 	/System/Library/Frameworks/CoreServices.framework/Versions/A/CoreServices
0x0000000002246000 	/System/Library/PrivateFrameworks/PerformanceAnalysis.framework/Versions/A/PerformanceAnalysis
0x0000000002246000 	/System/Library/PrivateFrameworks/GenerationalStorage.framework/Versions/A/GenerationalStorage
0x0000000002246000 	/System/Library/Frameworks/OpenGL.framework/Versions/A/OpenGL
0x0000000002246000 	/System/Library/PrivateFrameworks/Sharing.framework/Versions/A/Sharing
0x0000000002246000 	/System/Library/Frameworks/CoreGraphics.framework/Versions/A/CoreGraphics
0x0000000002246000 	/System/Library/Frameworks/CoreImage.framework/Versions/A/CoreImage
0x0000000002246000 	/System/Library/Frameworks/CoreText.framework/Versions/A/CoreText
0x0000000002246000 	/System/Library/Frameworks/ImageIO.framework/Versions/A/ImageIO
0x0000000002246000 	/System/Library/PrivateFrameworks/Backup.framework/Versions/A/Backup
0x0000000002246000 	/usr/lib/libextension.dylib
0x0000000002246000 	/usr/lib/libarchive.2.dylib
0x0000000002246000 	/System/Library/Frameworks/CFNetwork.framework/Versions/A/CFNetwork
0x0000000002246000 	/System/Library/Frameworks/SystemConfiguration.framework/Versions/A/SystemConfiguration
0x0000000002246000 	/usr/lib/libCRFSuite.dylib
0x0000000002246000 	/usr/lib/libc++.1.dylib
0x0000000002246000 	/usr/lib/libc++abi.dylib
0x0000000002246000 	/usr/lib/system/libcache.dylib
0x0000000002246000 	/usr/lib/system/libcommonCrypto.dylib
0x0000000002246000 	/usr/lib/system/libcompiler_rt.dylib
0x0000000002246000 	/usr/lib/system/libcopyfile.dylib
0x0000000002246000 	/usr/lib/system/libcorecrypto.dylib
0x0000000002246000 	/usr/lib/system/libdispatch.dylib
0x0000000002246000 	/usr/lib/system/libdyld.dylib
0x0000000002246000 	/usr/lib/system/libkeymgr.dylib
0x0000000002246000 	/usr/lib/system/liblaunch.dylib
0x0000000002246000 	/usr/lib/system/libmacho.dylib
0x0000000002246000 	/usr/lib/system/libquarantine.dylib
0x0000000002246000 	/usr/lib/system/libremovefile.dylib
0x0000000002246000 	/usr/lib/system/libsystem_asl.dylib
0x0000000002246000 	/usr/lib/system/libsystem_blocks.dylib
0x0000000002246000 	/usr/lib/system/libsystem_c.dylib
0x0000000002246000 	/usr/lib/system/libsystem_configuration.dylib
0x0000000002246000 	/usr/lib/system/libsystem_coreservices.dylib
0x0000000002246000 	/usr/lib/system/libsystem_coretls.dylib
0x0000000002246000 	/usr/lib/system/libsystem_dnssd.dylib
0x0000000002246000 	/usr/lib/system/libsystem_info.dylib
0x0000000002246000 	/usr/lib/system/libsystem_kernel.dylib
0x0000000002246000 	/usr/lib/system/libsystem_m.dylib
0x0000000002246000 	/usr/lib/system/libsystem_malloc.dylib
0x0000000002246000 	/usr/lib/system/libsystem_network.dylib
0x0000000002246000 	/usr/lib/system/libsystem_networkextension.dylib
0x0000000002246000 	/usr/lib/system/libsystem_notify.dylib
0x0000000002246000 	/usr/lib/system/libsystem_platform.dylib
0x0000000002246000 	/usr/lib/system/libsystem_pthread.dylib
0x0000000002246000 	/usr/lib/system/libsystem_sandbox.dylib
0x0000000002246000 	/usr/lib/system/libsystem_secinit.dylib
0x0000000002246000 	/usr/lib/system/libsystem_trace.dylib
0x0000000002246000 	/usr/lib/system/libunc.dylib
0x0000000002246000 	/usr/lib/system/libunwind.dylib
0x0000000002246000 	/usr/lib/system/libxpc.dylib
0x0000000002246000 	/usr/lib/libenergytrace.dylib
0x0000000002246000 	/usr/lib/libbsm.0.dylib
0x0000000002246000 	/usr/lib/system/libkxld.dylib
0x0000000002246000 	/usr/lib/libxar.1.dylib
0x0000000002246000 	/usr/lib/libsqlite3.dylib
0x0000000002246000 	/usr/lib/libpam.2.dylib
0x0000000002246000 	/usr/lib/libOpenScriptingUtil.dylib
0x0000000002246000 	/usr/lib/libbz2.1.0.dylib
0x0000000002246000 	/usr/lib/liblzma.5.dylib
0x0000000002246000 	/System/Library/Frameworks/CoreServices.framework/Versions/A/Frameworks/FSEvents.framework/Versions/A/FSEvents
0x0000000002246000 	/System/Library/Frameworks/CoreServices.framework/Versions/A/Frameworks/CarbonCore.framework/Versions/A/CarbonCore
0x0000000002246000 	/System/Library/Frameworks/CoreServices.framework/Versions/A/Frameworks/Metadata.framework/Versions/A/Metadata
0x0000000002246000 	/System/Library/Frameworks/CoreServices.framework/Versions/A/Frameworks/OSServices.framework/Versions/A/OSServices
0x0000000002246000 	/System/Library/Frameworks/CoreServices.framework/Versions/A/Frameworks/SearchKit.framework/Versions/A/SearchKit
0x0000000002246000 	/System/Library/Frameworks/CoreServices.framework/Versions/A/Frameworks/AE.framework/Versions/A/AE
0x0000000002246000 	/System/Library/Frameworks/CoreServices.framework/Versions/A/Frameworks/LaunchServices.framework/Versions/A/LaunchServices
0x0000000002246000 	/System/Library/Frameworks/CoreServices.framework/Versions/A/Frameworks/DictionaryServices.framework/Versions/A/DictionaryServices
0x0000000002246000 	/System/Library/Frameworks/CoreServices.framework/Versions/A/Frameworks/SharedFileList.framework/Versions/A/SharedFileList
0x0000000002246000 	/System/Library/Frameworks/NetFS.framework/Versions/A/NetFS
0x0000000002246000 	/System/Library/PrivateFrameworks/NetAuth.framework/Versions/A/NetAuth
0x0000000002246000 	/System/Library/PrivateFrameworks/login.framework/Versions/A/Frameworks/loginsupport.framework/Versions/A/loginsupport
0x0000000002246000 	/System/Library/PrivateFrameworks/TCC.framework/Versions/A/TCC
0x0000000002246000 	/usr/lib/libmecabra.dylib
0x0000000002246000 	/System/Library/Frameworks/ApplicationServices.framework/Versions/A/Frameworks/ATS.framework/Versions/A/ATS
0x0000000002246000 	/System/Library/Frameworks/ApplicationServices.framework/Versions/A/Frameworks/ColorSync.framework/Versions/A/ColorSync
0x0000000002246000 	/System/Library/Frameworks/ApplicationServices.framework/Versions/A/Frameworks/HIServices.framework/Versions/A/HIServices
0x0000000002246000 	/System/Library/Frameworks/ApplicationServices.framework/Versions/A/Frameworks/LangAnalysis.framework/Versions/A/LangAnalysis
0x0000000002246000 	/System/Library/Frameworks/ApplicationServices.framework/Versions/A/Frameworks/PrintCore.framework/Versions/A/PrintCore
0x0000000002246000 	/System/Library/Frameworks/ApplicationServices.framework/Versions/A/Frameworks/QD.framework/Versions/A/QD
0x0000000002246000 	/System/Library/Frameworks/ApplicationServices.framework/Versions/A/Frameworks/SpeechSynthesis.framework/Versions/A/SpeechSynthesis
0x0000000002246000 	/System/Library/Frameworks/Metal.framework/Versions/A/Metal
0x0000000002246000 	/System/Library/Frameworks/Accelerate.framework/Versions/A/Frameworks/vImage.framework/Versions/A/vImage
0x0000000002246000 	/System/Library/Frameworks/Accelerate.framework/Versions/A/Frameworks/vecLib.framework/Versions/A/vecLib
0x0000000002246000 	/System/Library/Frameworks/Accelerate.framework/Versions/A/Frameworks/vecLib.framework/Versions/A/libvDSP.dylib
0x0000000002246000 	/System/Library/Frameworks/Accelerate.framework/Versions/A/Frameworks/vecLib.framework/Versions/A/libvMisc.dylib
0x0000000002246000 	/System/Library/Frameworks/Accelerate.framework/Versions/A/Frameworks/vecLib.framework/Versions/A/libLAPACK.dylib
0x0000000002246000 	/System/Library/Frameworks/Accelerate.framework/Versions/A/Frameworks/vecLib.framework/Versions/A/libBLAS.dylib
0x0000000002246000 	/System/Library/Frameworks/Accelerate.framework/Versions/A/Frameworks/vecLib.framework/Versions/A/libLinearAlgebra.dylib
0x0000000002246000 	/System/Library/Frameworks/Accelerate.framework/Versions/A/Frameworks/vecLib.framework/Versions/A/libSparseBLAS.dylib
0x0000000002246000 	/System/Library/PrivateFrameworks/GPUCompiler.framework/libmetal_timestamp.dylib
0x0000000002246000 	/System/Library/Frameworks/OpenGL.framework/Versions/A/Libraries/libCoreFSCache.dylib
0x0000000002246000 	/System/Library/PrivateFrameworks/IOAccelerator.framework/Versions/A/IOAccelerator
0x0000000002246000 	/System/Library/Frameworks/ApplicationServices.framework/Versions/A/Frameworks/ATS.framework/Versions/A/Resources/libFontParser.dylib
0x0000000002246000 	/System/Library/Frameworks/ApplicationServices.framework/Versions/A/Frameworks/ATS.framework/Versions/A/Resources/libFontRegistry.dylib
0x0000000002246000 	/System/Library/PrivateFrameworks/AppleVPA.framework/Versions/A/AppleVPA
0x0000000002246000 	/System/Library/PrivateFrameworks/AppleJPEG.framework/Versions/A/AppleJPEG
0x0000000002246000 	/System/Library/Frameworks/ImageIO.framework/Versions/A/Resources/libJPEG.dylib
0x0000000002246000 	/System/Library/Frameworks/ImageIO.framework/Versions/A/Resources/libTIFF.dylib
0x0000000002246000 	/System/Library/Frameworks/ImageIO.framework/Versions/A/Resources/libPng.dylib
0x0000000002246000 	/System/Library/Frameworks/ImageIO.framework/Versions/A/Resources/libGIF.dylib
0x0000000002246000 	/System/Library/Frameworks/ImageIO.framework/Versions/A/Resources/libJP2.dylib
0x0000000002246000 	/System/Library/Frameworks/ImageIO.framework/Versions/A/Resources/libRadiance.dylib
0x0000000002246000 	/System/Library/Frameworks/CoreVideo.framework/Versions/A/CoreVideo
0x0000000002246000 	/System/Library/Frameworks/OpenGL.framework/Versions/A/Libraries/libGLU.dylib
0x0000000002246000 	/System/Library/Frameworks/OpenGL.framework/Versions/A/Libraries/libGFXShared.dylib
0x0000000002246000 	/System/Library/Frameworks/OpenGL.framework/Versions/A/Libraries/libGL.dylib
0x0000000002246000 	/System/Library/Frameworks/OpenGL.framework/Versions/A/Libraries/libGLImage.dylib
0x0000000002246000 	/System/Library/Frameworks/OpenGL.framework/Versions/A/Libraries/libCVMSPluginSupport.dylib
0x0000000002246000 	/System/Library/Frameworks/OpenGL.framework/Versions/A/Libraries/libCoreVMClient.dylib
0x0000000002246000 	/usr/lib/libcups.2.dylib
0x0000000002246000 	/System/Library/Frameworks/Kerberos.framework/Versions/A/Kerberos
0x0000000002246000 	/System/Library/Frameworks/GSS.framework/Versions/A/GSS
0x0000000002246000 	/usr/lib/libresolv.9.dylib
0x0000000002246000 	/usr/lib/libiconv.2.dylib
0x0000000002246000 	/System/Library/PrivateFrameworks/Heimdal.framework/Versions/A/Heimdal
0x0000000002246000 	/usr/lib/libheimdal-asn1.dylib
0x0000000002246000 	/System/Library/Frameworks/OpenDirectory.framework/Versions/A/OpenDirectory
0x0000000002246000 	/System/Library/PrivateFrameworks/CommonAuth.framework/Versions/A/CommonAuth
0x0000000002246000 	/System/Library/Frameworks/OpenDirectory.framework/Versions/A/Frameworks/CFOpenDirectory.framework/Versions/A/CFOpenDirectory
0x0000000002246000 	/System/Library/Frameworks/SecurityFoundation.framework/Versions/A/SecurityFoundation
0x0000000002246000 	/System/Library/PrivateFrameworks/LanguageModeling.framework/Versions/A/LanguageModeling
0x0000000002246000 	/usr/lib/libmarisa.dylib
0x0000000002246000 	/usr/lib/libChineseTokenizer.dylib
0x0000000002246000 	/usr/lib/libcmph.dylib
0x0000000002246000 	/usr/lib/libcompression.dylib
0x0000000002246000 	/System/Library/Frameworks/ServiceManagement.framework/Versions/A/ServiceManagement
0x0000000002246000 	/usr/lib/libxslt.1.dylib
0x0000000002246000 	/System/Library/Frameworks/Carbon.framework/Versions/A/Frameworks/Ink.framework/Versions/A/Ink
0x0000000002246000 	/usr/lib/libFosl_dynamic.dylib
0x0000000002246000 	/System/Library/PrivateFrameworks/FaceCore.framework/Versions/A/FaceCore
0x0000000002246000 	/System/Library/Frameworks/OpenCL.framework/Versions/A/OpenCL
0x0000000002246000 	/System/Library/PrivateFrameworks/CrashReporterSupport.framework/Versions/A/CrashReporterSupport
0x0000000002246000 	/System/Library/PrivateFrameworks/IconServices.framework/Versions/A/IconServices
0x0000000002246000 	/System/Library/PrivateFrameworks/Apple80211.framework/Versions/A/Apple80211
0x0000000002246000 	/System/Library/Frameworks/CoreWLAN.framework/Versions/A/CoreWLAN
0x0000000002246000 	/System/Library/Frameworks/IOBluetooth.framework/Versions/A/IOBluetooth
0x0000000002246000 	/System/Library/PrivateFrameworks/CoreWiFi.framework/Versions/A/CoreWiFi
0x0000000002246000 	/System/Library/Frameworks/CoreBluetooth.framework/Versions/A/CoreBluetooth
0x0000000002246000 	/System/Library/PrivateFrameworks/ChunkingLibrary.framework/Versions/A/ChunkingLibrary
0x0000000002246000 	/System/Library/PrivateFrameworks/DebugSymbols.framework/Versions/A/DebugSymbols
0x0000000002246000 	/System/Library/PrivateFrameworks/CoreSymbolication.framework/Versions/A/CoreSymbolication
0x0000000002246000 	/System/Library/PrivateFrameworks/Symbolication.framework/Versions/A/Symbolication
0x0000000002246000 	/System/Library/PrivateFrameworks/SpeechRecognitionCore.framework/Versions/A/SpeechRecognitionCore
0x000000010fdb2000 	/Library/Java/JavaVirtualMachines/jdk1.7.0_79.jdk/Contents/Home/jre/lib/server/libjvm.dylib
0x0000000002246000 	/usr/lib/libstdc++.6.dylib
0x0000000110819000 	/Library/Java/JavaVirtualMachines/jdk1.7.0_79.jdk/Contents/Home/jre/lib/libverify.dylib
0x0000000110826000 	/Library/Java/JavaVirtualMachines/jdk1.7.0_79.jdk/Contents/Home/jre/lib/libjava.dylib
0x0000000110860000 	/Library/Java/JavaVirtualMachines/jdk1.7.0_79.jdk/Contents/Home/jre/lib/libzip.dylib
0x0000000117c70000 	/System/Library/Frameworks/JavaVM.framework/Frameworks/JavaRuntimeSupport.framework/JavaRuntimeSupport
0x0000000117c8b000 	/System/Library/Frameworks/JavaVM.framework/Versions/A/Frameworks/JavaNativeFoundation.framework/Versions/A/JavaNativeFoundation
0x00000001109ec000 	/System/Library/Frameworks/JavaVM.framework/Versions/A/JavaVM
0x0000000002246000 	/System/Library/Frameworks/Carbon.framework/Versions/A/Carbon
0x0000000117ca0000 	/System/Library/PrivateFrameworks/JavaLaunching.framework/Versions/A/JavaLaunching
0x0000000002246000 	/System/Library/Frameworks/Carbon.framework/Versions/A/Frameworks/CommonPanels.framework/Versions/A/CommonPanels
0x0000000002246000 	/System/Library/Frameworks/Carbon.framework/Versions/A/Frameworks/Help.framework/Versions/A/Help
0x0000000002246000 	/System/Library/Frameworks/Carbon.framework/Versions/A/Frameworks/ImageCapture.framework/Versions/A/ImageCapture
0x0000000002246000 	/System/Library/Frameworks/Carbon.framework/Versions/A/Frameworks/OpenScripting.framework/Versions/A/OpenScripting
0x0000000002246000 	/System/Library/Frameworks/Carbon.framework/Versions/A/Frameworks/Print.framework/Versions/A/Print
0x0000000002246000 	/System/Library/Frameworks/Carbon.framework/Versions/A/Frameworks/SecurityHI.framework/Versions/A/SecurityHI
0x000000011970b000 	/Library/Java/JavaVirtualMachines/jdk1.7.0_79.jdk/Contents/Home/jre/lib/libnio.dylib
0x000000011971a000 	/Library/Java/JavaVirtualMachines/jdk1.7.0_79.jdk/Contents/Home/jre/lib/./libnet.dylib

VM Arguments:
jvm_args: -Djava.awt.headless=true -Xmx1024M -Dfile.encoding=UTF-8 -Duser.country=US -Duser.language=en -Duser.variant 
java_command: com.android.dx.command.Main --dex --num-threads=4 --output /Users/gknoblau/AndroidStudioProjects/TechNoLogic/src/app/build/intermediates/pre-dexed/debug/com.google.android.gms-play-services-wearable-7.0.0_cc26540a1b115b9152cee82126ff23c52a7c60f4.jar /Users/gknoblau/AndroidStudioProjects/TechNoLogic/src/app/build/intermediates/exploded-aar/com.google.android.gms/play-services-wearable/7.0.0/jars/classes.jar
Launcher Type: SUN_STANDARD

Environment Variables:
PATH=/usr/bin:/bin:/usr/sbin:/sbin
SHELL=/bin/bash
DISPLAY=/private/tmp/com.apple.launchd.qkE1ajPivE/org.macosforge.xquartz:0

Signal Handlers:
SIGSEGV: [libjvm.dylib+0x52daf1], sa_mask[0]=0xfffefeff, sa_flags=0x00000043
SIGBUS: [libjvm.dylib+0x52daf1], sa_mask[0]=0xfffefeff, sa_flags=0x00000042
SIGFPE: [libjvm.dylib+0x41f34e], sa_mask[0]=0xfffefeff, sa_flags=0x00000042
SIGPIPE: [libjvm.dylib+0x41f34e], sa_mask[0]=0xfffefeff, sa_flags=0x00000042
SIGXFSZ: [libjvm.dylib+0x41f34e], sa_mask[0]=0xfffefeff, sa_flags=0x00000042
SIGILL: [libjvm.dylib+0x41f34e], sa_mask[0]=0xfffefeff, sa_flags=0x00000042
SIGUSR1: SIG_DFL, sa_mask[0]=0x00000000, sa_flags=0x00000000
SIGUSR2: [libjvm.dylib+0x41ee40], sa_mask[0]=0x00000004, sa_flags=0x00000042
SIGHUP: [libjvm.dylib+0x41d0d1], sa_mask[0]=0xfffefeff, sa_flags=0x00000042
SIGINT: [libjvm.dylib+0x41d0d1], sa_mask[0]=0xfffefeff, sa_flags=0x00000042
SIGTERM: [libjvm.dylib+0x41d0d1], sa_mask[0]=0xfffefeff, sa_flags=0x00000042
SIGQUIT: [libjvm.dylib+0x41d0d1], sa_mask[0]=0xfffefeff, sa_flags=0x00000042


---------------  S Y S T E M  ---------------

OS:Bsduname:Darwin 15.4.0 Darwin Kernel Version 15.4.0: Fri Feb 26 22:08:05 PST 2016; root:xnu-3248.40.184~3/RELEASE_X86_64 x86_64
rlimit: STACK 8192k, CORE 0k, NPROC 709, NOFILE 10240, AS infinity
load average:15.24 10.15 5.17

CPU:total 4 (2 cores per cpu, 2 threads per core) family 6 model 58 stepping 9, cmov, cx8, fxsr, mmx, sse, sse2, sse3, ssse3, sse4.1, sse4.2, popcnt, avx, aes, erms, ht, tsc, tscinvbit, tscinv

Memory: 4k page, physical 8388608k(2097152k free)

/proc/meminfo:


vm_info: Java HotSpot(TM) 64-Bit Server VM (24.79-b02) for bsd-amd64 JRE (1.7.0_79-b15), built on Apr 10 2015 11:35:04 by "java_re" with gcc 4.2.1 (Based on Apple Inc. build 5658) (LLVM build 2336.11.00)

time: Wed Mar 30 10:09:06 2016
elapsed time: 9 seconds

